2019-06-12 12:25:20,901 ----------------------------------------------------------------------------------------------------
2019-06-12 12:25:20,901 Evaluation method: MICRO_F1_SCORE
2019-06-12 12:25:20,979 ----------------------------------------------------------------------------------------------------
2019-06-12 12:25:25,837 epoch 1 - iter 0/50 - loss 0.68898124
2019-06-12 12:25:52,669 epoch 1 - iter 5/50 - loss 0.59365566
2019-06-12 12:26:23,610 epoch 1 - iter 10/50 - loss 0.55403315
2019-06-12 12:26:47,788 epoch 1 - iter 15/50 - loss 0.50880233
2019-06-12 12:27:10,493 epoch 1 - iter 20/50 - loss 0.47978183
2019-06-12 12:27:46,048 epoch 1 - iter 25/50 - loss 0.47610307
2019-06-12 12:28:27,709 epoch 1 - iter 30/50 - loss 0.45598555
2019-06-12 12:29:05,822 epoch 1 - iter 35/50 - loss 0.43656108
2019-06-12 12:29:31,715 epoch 1 - iter 40/50 - loss 0.44908474
2019-06-12 12:29:59,162 epoch 1 - iter 45/50 - loss 0.43955291
2019-06-12 12:30:22,896 ----------------------------------------------------------------------------------------------------
2019-06-12 12:30:22,896 EPOCH 1 done: loss 0.4272 - lr 0.1000 - bad epochs 0
2019-06-12 12:30:56,081 DEV : loss 0.2708066403865814 - score 0.845
2019-06-12 12:31:29,744 TEST : loss 0.25770336389541626 - score 0.865
2019-06-12 12:31:33,971 ----------------------------------------------------------------------------------------------------
2019-06-12 12:31:40,311 epoch 2 - iter 0/50 - loss 0.29014271
2019-06-12 12:32:11,644 epoch 2 - iter 5/50 - loss 0.32960693
2019-06-12 12:32:38,289 epoch 2 - iter 10/50 - loss 0.37460037
2019-06-12 12:33:03,888 epoch 2 - iter 15/50 - loss 0.34336501
2019-06-12 12:33:32,126 epoch 2 - iter 20/50 - loss 0.32825844
2019-06-12 12:33:58,833 epoch 2 - iter 25/50 - loss 0.32869619
2019-06-12 12:34:28,524 epoch 2 - iter 30/50 - loss 0.32673694
2019-06-12 12:35:04,229 epoch 2 - iter 35/50 - loss 0.34159065
2019-06-12 12:35:35,723 epoch 2 - iter 40/50 - loss 0.33311715
2019-06-12 12:35:57,079 epoch 2 - iter 45/50 - loss 0.32935375
2019-06-12 12:36:28,203 ----------------------------------------------------------------------------------------------------
2019-06-12 12:36:28,203 EPOCH 2 done: loss 0.3226 - lr 0.1000 - bad epochs 0
2019-06-12 12:37:03,811 DEV : loss 0.24321900308132172 - score 0.85
2019-06-12 12:37:34,569 TEST : loss 0.206456258893013 - score 0.89
2019-06-12 12:37:38,280 ----------------------------------------------------------------------------------------------------
2019-06-12 12:37:45,128 epoch 3 - iter 0/50 - loss 0.28025734
2019-06-12 12:38:07,038 epoch 3 - iter 5/50 - loss 0.37311773
2019-06-12 12:38:38,436 epoch 3 - iter 10/50 - loss 0.31004438
2019-06-12 12:39:01,735 epoch 3 - iter 15/50 - loss 0.30443122
2019-06-12 12:39:27,886 epoch 3 - iter 20/50 - loss 0.29534652
2019-06-12 12:39:50,055 epoch 3 - iter 25/50 - loss 0.27410348
2019-06-12 12:40:18,955 epoch 3 - iter 30/50 - loss 0.26873392
2019-06-12 12:40:46,492 epoch 3 - iter 35/50 - loss 0.26046563
2019-06-12 12:41:14,519 epoch 3 - iter 40/50 - loss 0.27809800
2019-06-12 12:41:39,018 epoch 3 - iter 45/50 - loss 0.27875118
2019-06-12 12:42:03,936 ----------------------------------------------------------------------------------------------------
2019-06-12 12:42:03,936 EPOCH 3 done: loss 0.2741 - lr 0.1000 - bad epochs 0
2019-06-12 12:42:34,696 DEV : loss 0.18369539082050323 - score 0.95
2019-06-12 12:43:01,505 TEST : loss 0.16541193425655365 - score 0.935
2019-06-12 12:43:04,665 ----------------------------------------------------------------------------------------------------
2019-06-12 12:43:10,000 epoch 4 - iter 0/50 - loss 0.15664969
2019-06-12 12:43:34,080 epoch 4 - iter 5/50 - loss 0.21832675
2019-06-12 12:43:55,109 epoch 4 - iter 10/50 - loss 0.17923765
2019-06-12 12:44:17,211 epoch 4 - iter 15/50 - loss 0.16472469
2019-06-12 12:44:45,150 epoch 4 - iter 20/50 - loss 0.14611117
2019-06-12 12:45:12,717 epoch 4 - iter 25/50 - loss 0.18231989
2019-06-12 12:45:49,699 epoch 4 - iter 30/50 - loss 0.18387930
2019-06-12 12:46:10,944 epoch 4 - iter 35/50 - loss 0.17916108
2019-06-12 12:46:34,125 epoch 4 - iter 40/50 - loss 0.17683648
2019-06-12 12:47:03,418 epoch 4 - iter 45/50 - loss 0.17152083
2019-06-12 12:47:29,350 ----------------------------------------------------------------------------------------------------
2019-06-12 12:47:29,350 EPOCH 4 done: loss 0.1682 - lr 0.1000 - bad epochs 0
2019-06-12 12:47:58,861 DEV : loss 0.060491908341646194 - score 0.97
2019-06-12 12:48:25,913 TEST : loss 0.02389594353735447 - score 0.99
2019-06-12 12:48:29,526 ----------------------------------------------------------------------------------------------------
2019-06-12 12:48:35,517 epoch 5 - iter 0/50 - loss 0.10651946
2019-06-12 12:49:02,420 epoch 5 - iter 5/50 - loss 0.04099449
2019-06-12 12:49:27,763 epoch 5 - iter 10/50 - loss 0.03738186
2019-06-12 12:50:02,655 epoch 5 - iter 15/50 - loss 0.04528916
2019-06-12 12:50:27,959 epoch 5 - iter 20/50 - loss 0.04333951
2019-06-12 12:50:50,700 epoch 5 - iter 25/50 - loss 0.03953017
2019-06-12 12:51:23,668 epoch 5 - iter 30/50 - loss 0.03589687
2019-06-12 12:51:51,775 epoch 5 - iter 35/50 - loss 0.07254713
2019-06-12 12:52:23,165 epoch 5 - iter 40/50 - loss 0.09712388
2019-06-12 12:52:41,628 epoch 5 - iter 45/50 - loss 0.09474374
2019-06-12 12:52:58,638 ----------------------------------------------------------------------------------------------------
2019-06-12 12:52:58,638 EPOCH 5 done: loss 0.0890 - lr 0.1000 - bad epochs 0
2019-06-12 12:53:29,853 DEV : loss 0.0761723518371582 - score 0.975
2019-06-12 12:53:57,127 TEST : loss 0.033833328634500504 - score 0.985
2019-06-12 12:54:00,173 ----------------------------------------------------------------------------------------------------
2019-06-12 12:54:03,820 epoch 6 - iter 0/50 - loss 0.02987505
2019-06-12 12:54:33,107 epoch 6 - iter 5/50 - loss 0.03102836
2019-06-12 12:54:57,621 epoch 6 - iter 10/50 - loss 0.02728611
2019-06-12 12:55:23,812 epoch 6 - iter 15/50 - loss 0.02431364
2019-06-12 12:55:46,560 epoch 6 - iter 20/50 - loss 0.02037196
2019-06-12 12:56:14,353 epoch 6 - iter 25/50 - loss 0.03343892
2019-06-12 12:56:35,848 epoch 6 - iter 30/50 - loss 0.03545170
2019-06-12 12:57:09,270 epoch 6 - iter 35/50 - loss 0.03200781
2019-06-12 12:57:28,113 epoch 6 - iter 40/50 - loss 0.03755743
2019-06-12 12:58:02,721 epoch 6 - iter 45/50 - loss 0.03537489
2019-06-12 12:58:20,500 ----------------------------------------------------------------------------------------------------
2019-06-12 12:58:20,501 EPOCH 6 done: loss 0.0339 - lr 0.1000 - bad epochs 0
2019-06-12 12:58:50,876 DEV : loss 0.08529335260391235 - score 0.975
2019-06-12 12:59:17,845 TEST : loss 0.03463273495435715 - score 0.985
2019-06-12 12:59:20,869 ----------------------------------------------------------------------------------------------------
2019-06-12 12:59:26,273 epoch 7 - iter 0/50 - loss 0.02403345
2019-06-12 12:59:49,664 epoch 7 - iter 5/50 - loss 0.02285796
2019-06-12 13:00:16,237 epoch 7 - iter 10/50 - loss 0.01403718
2019-06-12 13:00:42,645 epoch 7 - iter 15/50 - loss 0.01333952
2019-06-12 13:01:04,116 epoch 7 - iter 20/50 - loss 0.02652050
2019-06-12 13:01:28,641 epoch 7 - iter 25/50 - loss 0.02503581
2019-06-12 13:01:49,832 epoch 7 - iter 30/50 - loss 0.03273788
2019-06-12 13:02:16,980 epoch 7 - iter 35/50 - loss 0.02869202
2019-06-12 13:02:43,333 epoch 7 - iter 40/50 - loss 0.02681191
2019-06-12 13:03:23,038 epoch 7 - iter 45/50 - loss 0.02843354
2019-06-12 13:03:52,758 ----------------------------------------------------------------------------------------------------
2019-06-12 13:03:52,758 EPOCH 7 done: loss 0.0482 - lr 0.1000 - bad epochs 1
2019-06-12 13:04:23,662 DEV : loss 0.050898950546979904 - score 0.985
2019-06-12 13:04:52,691 TEST : loss 0.018562912940979004 - score 0.99
2019-06-12 13:04:56,263 ----------------------------------------------------------------------------------------------------
2019-06-12 13:05:04,305 epoch 8 - iter 0/50 - loss 0.00317349
2019-06-12 13:05:32,744 epoch 8 - iter 5/50 - loss 0.02559823
2019-06-12 13:06:04,976 epoch 8 - iter 10/50 - loss 0.11355754
2019-06-12 13:06:26,711 epoch 8 - iter 15/50 - loss 0.09063167
2019-06-12 13:06:51,157 epoch 8 - iter 20/50 - loss 0.07489394
2019-06-12 13:07:18,160 epoch 8 - iter 25/50 - loss 0.06585059
2019-06-12 13:07:46,138 epoch 8 - iter 30/50 - loss 0.06325561
2019-06-12 13:08:12,460 epoch 8 - iter 35/50 - loss 0.05596634
2019-06-12 13:08:36,411 epoch 8 - iter 40/50 - loss 0.05106607
2019-06-12 13:09:05,133 epoch 8 - iter 45/50 - loss 0.04713098
2019-06-12 13:09:24,146 ----------------------------------------------------------------------------------------------------
2019-06-12 13:09:24,146 EPOCH 8 done: loss 0.0474 - lr 0.1000 - bad epochs 0
2019-06-12 13:09:55,744 DEV : loss 0.07740860432386398 - score 0.975
2019-06-12 13:10:22,956 TEST : loss 0.03159065917134285 - score 0.98
2019-06-12 13:10:22,958 ----------------------------------------------------------------------------------------------------
2019-06-12 13:10:25,863 epoch 9 - iter 0/50 - loss 0.01890886
2019-06-12 13:10:49,520 epoch 9 - iter 5/50 - loss 0.00968185
2019-06-12 13:11:17,116 epoch 9 - iter 10/50 - loss 0.01074746
2019-06-12 13:11:50,631 epoch 9 - iter 15/50 - loss 0.02649546
2019-06-12 13:12:18,612 epoch 9 - iter 20/50 - loss 0.06297311
2019-06-12 13:12:42,400 epoch 9 - iter 25/50 - loss 0.05449354
2019-06-12 13:13:13,016 epoch 9 - iter 30/50 - loss 0.04835033
2019-06-12 13:13:49,449 epoch 9 - iter 35/50 - loss 0.04397509
2019-06-12 13:14:12,399 epoch 9 - iter 40/50 - loss 0.03980072
2019-06-12 13:14:38,686 epoch 9 - iter 45/50 - loss 0.03601027
2019-06-12 13:15:06,098 ----------------------------------------------------------------------------------------------------
2019-06-12 13:15:06,099 EPOCH 9 done: loss 0.0372 - lr 0.1000 - bad epochs 1
2019-06-12 13:15:42,352 DEV : loss 0.03276165574789047 - score 0.995
2019-06-12 13:16:10,640 TEST : loss 0.0156975407153368 - score 0.99
2019-06-12 13:16:14,407 ----------------------------------------------------------------------------------------------------
2019-06-12 13:16:19,777 epoch 10 - iter 0/50 - loss 0.10381615
2019-06-12 13:16:44,011 epoch 10 - iter 5/50 - loss 0.03626786
2019-06-12 13:17:06,692 epoch 10 - iter 10/50 - loss 0.02262948
2019-06-12 13:17:35,750 epoch 10 - iter 15/50 - loss 0.03265948
2019-06-12 13:17:59,120 epoch 10 - iter 20/50 - loss 0.02838808
2019-06-12 13:18:32,514 epoch 10 - iter 25/50 - loss 0.02551011
2019-06-12 13:19:15,034 epoch 10 - iter 30/50 - loss 0.02299630
2019-06-12 13:19:46,362 epoch 10 - iter 35/50 - loss 0.02559030
2019-06-12 13:20:09,557 epoch 10 - iter 40/50 - loss 0.02542326
2019-06-12 13:20:33,749 epoch 10 - iter 45/50 - loss 0.02361012
2019-06-12 13:20:58,027 ----------------------------------------------------------------------------------------------------
2019-06-12 13:20:58,027 EPOCH 10 done: loss 0.0219 - lr 0.1000 - bad epochs 0
2019-06-12 13:21:30,454 DEV : loss 0.06674861162900925 - score 0.975
2019-06-12 13:21:59,660 TEST : loss 0.026610655710101128 - score 0.985
2019-06-12 13:22:03,004 ----------------------------------------------------------------------------------------------------
2019-06-12 13:22:03,004 Testing using best model ...
2019-06-12 13:22:03,005 loading file best-model.pt
2019-06-12 13:22:34,803 0.99	0.99	0.99
2019-06-12 13:22:34,804 
MICRO_AVG: acc 0.9802 - f1-score 0.99
MACRO_AVG: acc 0.9799 - f1-score 0.98985
AI         tp: 112 - fp: 1 - fn: 1 - tn: 86 - precision: 0.9912 - recall: 0.9912 - accuracy: 0.9825 - f1-score: 0.9912
Cloud      tp: 86 - fp: 1 - fn: 1 - tn: 112 - precision: 0.9885 - recall: 0.9885 - accuracy: 0.9773 - f1-score: 0.9885
2019-06-12 13:22:34,804 ----------------------------------------------------------------------------------------------------
